2024-05-22 13:49:22 [main] INFO  org.abol.springstarter.SpringstarterApplication - Starting SpringstarterApplication using Java 21.0.2 with PID 2500 (C:\Users\rahee\Desktop\springstarter\target\classes started by rahee in C:\Users\rahee\Desktop\springstarter)
2024-05-22 13:49:22 [main] INFO  org.abol.springstarter.SpringstarterApplication - No active profile set, falling back to 1 default profile: "default"
2024-05-22 13:49:23 [main] INFO  org.springframework.boot.web.embedded.tomcat.TomcatWebServer - Tomcat initialized with port 8082 (http)
2024-05-22 13:49:23 [main] INFO  org.springframework.boot.web.servlet.context.ServletWebServerApplicationContext - Root WebApplicationContext: initialization completed in 1126 ms
2024-05-22 13:49:24 [main] INFO  org.springframework.boot.web.embedded.tomcat.TomcatWebServer - Tomcat started on port 8082 (http) with context path ''
2024-05-22 13:49:24 [main] INFO  org.abol.springstarter.SpringstarterApplication - Started SpringstarterApplication in 2.23 seconds (process running for 3.082)
2024-05-22 13:50:03 [http-nio-8082-exec-3] INFO  org.springframework.web.servlet.DispatcherServlet - Initializing Servlet 'dispatcherServlet'
2024-05-22 13:50:03 [http-nio-8082-exec-3] INFO  org.springframework.web.servlet.DispatcherServlet - Completed initialization in 1 ms
2024-05-22 13:50:03 [http-nio-8082-exec-3] INFO  org.abol.springstarter.controllers.UserController - Displaying registration form
2024-05-22 13:51:13 [http-nio-8082-exec-5] INFO  org.abol.springstarter.controllers.UserController - User saved: BaseUser(name=ray, email=rya@gmail.com, tel=3334444, password=Password123, refer=facebook, contact=email, terms=true)
2024-05-22 13:52:22 [http-nio-8082-exec-4] INFO  org.abol.springstarter.controllers.UserController - Displaying all users
2024-05-22 13:54:11 [http-nio-8082-exec-3] INFO  org.abol.springstarter.controllers.UserController - User updated: BaseUser(name=sam, email=rya@gmail.com, tel=3334444, password=PpaodhfoiasE44, refer=facebook, contact=email, terms=true)
2024-05-22 13:54:11 [http-nio-8082-exec-2] INFO  org.abol.springstarter.controllers.UserController - Displaying all users
2024-05-22 13:54:32 [http-nio-8082-exec-6] INFO  org.abol.springstarter.controllers.UserController - Displaying registration form
2024-05-22 13:55:03 [http-nio-8082-exec-10] INFO  org.abol.springstarter.controllers.UserController - User saved: BaseUser(name=tim, email=tim@gmail.com, tel=3335555, password=Passssoe22, refer=facebook, contact=email, terms=true)
2024-05-22 13:55:05 [http-nio-8082-exec-1] INFO  org.abol.springstarter.controllers.UserController - Displaying all users
2024-05-22 13:55:08 [http-nio-8082-exec-4] INFO  org.abol.springstarter.controllers.UserController - Deleting user at index 0
2024-05-22 13:55:08 [http-nio-8082-exec-8] INFO  org.abol.springstarter.controllers.UserController - Displaying all users
2024-05-22 13:55:17 [http-nio-8082-exec-9] INFO  org.abol.springstarter.controllers.UserController - Deleting user at index 0
2024-05-22 13:55:17 [http-nio-8082-exec-7] INFO  org.abol.springstarter.controllers.UserController - Displaying all users
2024-05-22 13:55:56 [http-nio-8082-exec-3] INFO  org.abol.springstarter.controllers.UserController - Displaying registration form
2024-05-22 13:56:15 [http-nio-8082-exec-6] INFO  org.abol.springstarter.controllers.UserController - User saved: BaseUser(name=jim, email=jim@gmail.com, tel=5557777, password=pAaslkdf33, refer=facebook, contact=email, terms=true)
2024-05-22 13:56:17 [http-nio-8082-exec-5] INFO  org.abol.springstarter.controllers.UserController - Displaying all users
2024-05-22 13:59:31 [http-nio-8082-exec-8] INFO  org.abol.springstarter.controllers.UserController - User updated: BaseUser(name=jimmy, email=jim@gmail.com, tel=5557777, password=Pasljfdlkj3, refer=facebook, contact=email, terms=true)
2024-05-22 13:59:31 [http-nio-8082-exec-9] INFO  org.abol.springstarter.controllers.UserController - Displaying all users
2024-05-22 13:59:33 [http-nio-8082-exec-7] INFO  org.abol.springstarter.controllers.UserController - Displaying registration form
2024-05-22 13:59:53 [http-nio-8082-exec-3] INFO  org.abol.springstarter.controllers.UserController - User saved: BaseUser(name=sam, email=sma@gmail.com, tel=2223333, password=Passowerd2, refer=facebook, contact=phone, terms=true)
2024-05-22 13:59:53 [http-nio-8082-exec-2] INFO  org.abol.springstarter.controllers.UserController - Displaying all users
2024-05-22 14:00:28 [http-nio-8082-exec-6] INFO  org.abol.springstarter.controllers.UserController - Deleting user at index 1
2024-05-22 14:00:28 [http-nio-8082-exec-5] INFO  org.abol.springstarter.controllers.UserController - Displaying all users
2024-05-22 14:00:42 [http-nio-8082-exec-1] INFO  org.abol.springstarter.controllers.UserController - Deleting user at index 0
2024-05-22 14:00:42 [http-nio-8082-exec-4] INFO  org.abol.springstarter.controllers.UserController - Displaying all users
2024-05-22 17:04:37 [main] INFO  org.abol.springstarter.SpringstarterApplication - Starting SpringstarterApplication using Java 21.0.2 with PID 11912 (C:\Users\rahee\Desktop\springstarter\target\classes started by rahee in C:\Users\rahee\Desktop\springstarter)
2024-05-22 17:04:37 [main] INFO  org.abol.springstarter.SpringstarterApplication - No active profile set, falling back to 1 default profile: "default"
2024-05-22 17:04:38 [main] INFO  org.springframework.boot.web.embedded.tomcat.TomcatWebServer - Tomcat initialized with port 8082 (http)
2024-05-22 17:04:38 [main] INFO  org.springframework.boot.web.servlet.context.ServletWebServerApplicationContext - Root WebApplicationContext: initialization completed in 711 ms
2024-05-22 17:04:38 [main] INFO  org.springframework.boot.web.embedded.tomcat.TomcatWebServer - Tomcat started on port 8082 (http) with context path ''
2024-05-22 17:04:38 [main] INFO  org.abol.springstarter.SpringstarterApplication - Started SpringstarterApplication in 1.453 seconds (process running for 2.193)
2024-05-22 17:04:52 [http-nio-8082-exec-1] INFO  org.springframework.web.servlet.DispatcherServlet - Initializing Servlet 'dispatcherServlet'
2024-05-22 17:04:52 [http-nio-8082-exec-1] INFO  org.springframework.web.servlet.DispatcherServlet - Completed initialization in 0 ms
2024-05-22 17:04:52 [http-nio-8082-exec-1] INFO  org.abol.springstarter.controllers.UserController - Displaying registration form
2024-05-22 17:05:18 [http-nio-8082-exec-5] INFO  org.abol.springstarter.controllers.UserController - User saved: BaseUser(name=Ray, email=Ray@gmail.com, tel=7778888, password=Passwordf4, refer=google, contact=email, terms=true)
2024-05-22 17:05:25 [http-nio-8082-exec-6] INFO  org.abol.springstarter.controllers.UserController - Displaying all users
2024-05-22 17:05:59 [http-nio-8082-exec-9] INFO  org.abol.springstarter.controllers.UserController - User updated: BaseUser(name=sam, email=sam@gmail.com, tel=7778888, password=SamSon55, refer=facebook, contact=email, terms=true)
2024-05-22 17:05:59 [http-nio-8082-exec-10] INFO  org.abol.springstarter.controllers.UserController - Displaying all users
2024-05-23 07:05:24 [main] INFO  org.abol.springstarter.SpringstarterApplication - Starting SpringstarterApplication using Java 21.0.2 with PID 3348 (C:\Users\rahee\Desktop\springstarter\target\classes started by rahee in C:\Users\rahee\Desktop\springstarter)
2024-05-23 07:05:24 [main] INFO  org.abol.springstarter.SpringstarterApplication - No active profile set, falling back to 1 default profile: "default"
2024-05-23 07:05:24 [main] INFO  org.springframework.boot.web.embedded.tomcat.TomcatWebServer - Tomcat initialized with port 8082 (http)
2024-05-23 07:05:25 [main] INFO  org.springframework.boot.web.servlet.context.ServletWebServerApplicationContext - Root WebApplicationContext: initialization completed in 773 ms
2024-05-23 07:05:25 [main] INFO  org.springframework.boot.web.embedded.tomcat.TomcatWebServer - Tomcat started on port 8082 (http) with context path ''
2024-05-23 07:05:25 [main] INFO  org.abol.springstarter.SpringstarterApplication - Started SpringstarterApplication in 1.582 seconds (process running for 2.386)
2024-05-23 07:05:30 [http-nio-8082-exec-1] INFO  org.springframework.web.servlet.DispatcherServlet - Initializing Servlet 'dispatcherServlet'
2024-05-23 07:05:30 [http-nio-8082-exec-1] INFO  org.springframework.web.servlet.DispatcherServlet - Completed initialization in 0 ms
2024-05-23 07:05:30 [http-nio-8082-exec-1] INFO  org.abol.springstarter.controllers.UserController - Displaying registration form
2024-05-23 07:05:50 [http-nio-8082-exec-3] INFO  org.abol.springstarter.controllers.UserController - User saved: BaseUser(name=ray, email=ray@gmail.com, tel=3334444, password=Passljdlkjf44, refer=facebook, contact=email, terms=true)
2024-05-23 07:05:51 [http-nio-8082-exec-7] INFO  org.abol.springstarter.controllers.UserController - Displaying all users
2024-05-23 07:05:53 [http-nio-8082-exec-4] INFO  org.abol.springstarter.controllers.UserController - Displaying registration form
2024-05-23 07:06:12 [http-nio-8082-exec-9] INFO  org.abol.springstarter.controllers.UserController - User saved: BaseUser(name=Sam, email=sam@gmail.com, tel=8889999, password=Sajlskjflkj4, refer=facebook, contact=email, terms=true)
2024-05-23 07:06:14 [http-nio-8082-exec-5] INFO  org.abol.springstarter.controllers.UserController - Displaying all users
2024-05-23 07:06:42 [http-nio-8082-exec-6] WARN  org.springframework.web.servlet.mvc.support.DefaultHandlerExceptionResolver - Resolved [org.springframework.web.bind.MissingServletRequestParameterException: Required request parameter 'id' for method parameter type int is not present]
2024-05-23 07:13:01 [main] INFO  org.abol.springstarter.SpringstarterApplication - Starting SpringstarterApplication using Java 21.0.2 with PID 8420 (C:\Users\rahee\Desktop\springstarter\target\classes started by rahee in C:\Users\rahee\Desktop\springstarter)
2024-05-23 07:13:01 [main] INFO  org.abol.springstarter.SpringstarterApplication - No active profile set, falling back to 1 default profile: "default"
2024-05-23 07:13:02 [main] INFO  org.springframework.boot.web.embedded.tomcat.TomcatWebServer - Tomcat initialized with port 8082 (http)
2024-05-23 07:13:02 [main] INFO  org.springframework.boot.web.servlet.context.ServletWebServerApplicationContext - Root WebApplicationContext: initialization completed in 690 ms
2024-05-23 07:13:02 [main] INFO  org.springframework.boot.web.embedded.tomcat.TomcatWebServer - Tomcat started on port 8082 (http) with context path ''
2024-05-23 07:13:02 [main] INFO  org.abol.springstarter.SpringstarterApplication - Started SpringstarterApplication in 1.421 seconds (process running for 2.058)
2024-05-23 07:13:07 [http-nio-8082-exec-1] INFO  org.springframework.web.servlet.DispatcherServlet - Initializing Servlet 'dispatcherServlet'
2024-05-23 07:13:07 [http-nio-8082-exec-1] INFO  org.springframework.web.servlet.DispatcherServlet - Completed initialization in 1 ms
2024-05-23 07:13:15 [http-nio-8082-exec-2] INFO  org.abol.springstarter.controllers.UserController - Displaying registration form
2024-05-23 07:13:37 [http-nio-8082-exec-3] INFO  org.abol.springstarter.controllers.UserController - User saved: BaseUser(name=ray, email=ray@gmail.com, tel=2223333, password=Shalosjdflkj2, refer=linkedin, contact=email, terms=true)
2024-05-23 07:13:39 [http-nio-8082-exec-4] INFO  org.abol.springstarter.controllers.UserController - Displaying all users
2024-05-23 07:13:51 [http-nio-8082-exec-5] INFO  org.abol.springstarter.controllers.UserController - Displaying registration form
2024-05-23 07:14:18 [http-nio-8082-exec-7] INFO  org.abol.springstarter.controllers.UserController - User saved: BaseUser(name=Jack, email=Jack@gmail.com, tel=3334444, password=Password456, refer=facebook, contact=email, terms=true)
2024-05-23 07:14:20 [http-nio-8082-exec-8] INFO  org.abol.springstarter.controllers.UserController - Displaying all users
2024-05-23 07:14:29 [http-nio-8082-exec-9] INFO  org.abol.springstarter.controllers.UserController - Displaying details for user with email ray@gmail.com
2024-05-23 07:14:32 [http-nio-8082-exec-10] INFO  org.abol.springstarter.controllers.UserController - Displaying all users
2024-05-23 07:19:49 [main] INFO  org.abol.springstarter.SpringstarterApplication - Starting SpringstarterApplication using Java 21.0.2 with PID 19288 (C:\Users\rahee\Desktop\springstarter\target\classes started by rahee in C:\Users\rahee\Desktop\springstarter)
2024-05-23 07:19:49 [main] INFO  org.abol.springstarter.SpringstarterApplication - No active profile set, falling back to 1 default profile: "default"
2024-05-23 07:19:50 [main] INFO  org.springframework.boot.web.embedded.tomcat.TomcatWebServer - Tomcat initialized with port 8082 (http)
2024-05-23 07:19:50 [main] INFO  org.springframework.boot.web.servlet.context.ServletWebServerApplicationContext - Root WebApplicationContext: initialization completed in 666 ms
2024-05-23 07:19:50 [main] INFO  org.springframework.boot.web.embedded.tomcat.TomcatWebServer - Tomcat started on port 8082 (http) with context path ''
2024-05-23 07:19:50 [main] INFO  org.abol.springstarter.SpringstarterApplication - Started SpringstarterApplication in 1.365 seconds (process running for 2.02)
2024-05-23 07:19:57 [http-nio-8082-exec-1] INFO  org.springframework.web.servlet.DispatcherServlet - Initializing Servlet 'dispatcherServlet'
2024-05-23 07:19:57 [http-nio-8082-exec-1] INFO  org.springframework.web.servlet.DispatcherServlet - Completed initialization in 1 ms
2024-05-23 07:19:57 [http-nio-8082-exec-1] INFO  org.abol.springstarter.controllers.UserController - Displaying all users
2024-05-23 07:19:59 [http-nio-8082-exec-3] INFO  org.abol.springstarter.controllers.UserController - Displaying registration form
2024-05-23 07:20:27 [http-nio-8082-exec-2] INFO  org.abol.springstarter.controllers.UserController - User saved: BaseUser(name=Sam, email=Sam@gmail.com, tel=2223333, password=Passw2ord23245, refer=facebook, contact=phone, terms=true)
2024-05-23 07:20:31 [http-nio-8082-exec-4] INFO  org.abol.springstarter.controllers.UserController - Displaying all users
2024-05-23 07:20:34 [http-nio-8082-exec-5] INFO  org.abol.springstarter.controllers.UserController - Displaying registration form
2024-05-23 07:21:13 [http-nio-8082-exec-7] INFO  org.abol.springstarter.controllers.UserController - User saved: BaseUser(name=tim, email=tim@gmail.com, tel=513000, password=Password45, refer=facebook, contact=phone, terms=true)
2024-05-23 07:21:16 [http-nio-8082-exec-6] INFO  org.abol.springstarter.controllers.UserController - Displaying all users
2024-05-23 07:24:23 [main] INFO  org.abol.springstarter.SpringstarterApplication - Starting SpringstarterApplication using Java 21.0.2 with PID 9108 (C:\Users\rahee\Desktop\springstarter\target\classes started by rahee in C:\Users\rahee\Desktop\springstarter)
2024-05-23 07:24:23 [main] INFO  org.abol.springstarter.SpringstarterApplication - No active profile set, falling back to 1 default profile: "default"
2024-05-23 07:24:23 [main] INFO  org.springframework.boot.web.embedded.tomcat.TomcatWebServer - Tomcat initialized with port 8082 (http)
2024-05-23 07:24:24 [main] INFO  org.springframework.boot.web.servlet.context.ServletWebServerApplicationContext - Root WebApplicationContext: initialization completed in 636 ms
2024-05-23 07:24:24 [main] INFO  org.springframework.boot.web.embedded.tomcat.TomcatWebServer - Tomcat started on port 8082 (http) with context path ''
2024-05-23 07:24:24 [main] INFO  org.abol.springstarter.SpringstarterApplication - Started SpringstarterApplication in 1.361 seconds (process running for 2.105)
2024-05-23 07:24:27 [http-nio-8082-exec-1] INFO  org.springframework.web.servlet.DispatcherServlet - Initializing Servlet 'dispatcherServlet'
2024-05-23 07:24:27 [http-nio-8082-exec-1] INFO  org.springframework.web.servlet.DispatcherServlet - Completed initialization in 1 ms
2024-05-23 07:24:41 [http-nio-8082-exec-5] INFO  org.abol.springstarter.controllers.UserController - Displaying registration form
2024-05-23 07:25:08 [http-nio-8082-exec-2] INFO  org.abol.springstarter.controllers.UserController - User saved: BaseUser(name=ray, email=ray@gmail.com, tel=1112222, password=Paslkdjf34, refer=facebook, contact=phone, terms=true)
2024-05-23 07:25:09 [http-nio-8082-exec-3] INFO  org.abol.springstarter.controllers.UserController - Displaying all users
2024-05-23 07:25:12 [http-nio-8082-exec-4] INFO  org.abol.springstarter.controllers.UserController - Displaying registration form
2024-05-23 07:25:51 [http-nio-8082-exec-6] INFO  org.abol.springstarter.controllers.UserController - User saved: BaseUser(name=Sam, email=Sam@gmail.com, tel=8889999, password=Password23, refer=linkedin, contact=phone, terms=true)
2024-05-23 07:25:54 [http-nio-8082-exec-8] INFO  org.abol.springstarter.controllers.UserController - Displaying all users
2024-05-23 12:25:22 [main] INFO  org.abol.springstarter.SpringstarterApplication - Starting SpringstarterApplication using Java 21.0.2 with PID 1176 (C:\Users\rahee\Desktop\springstarter\target\classes started by rahee in C:\Users\rahee\Desktop\springstarter)
2024-05-23 12:25:22 [main] INFO  org.abol.springstarter.SpringstarterApplication - No active profile set, falling back to 1 default profile: "default"
2024-05-23 12:25:23 [main] INFO  org.springframework.boot.web.embedded.tomcat.TomcatWebServer - Tomcat initialized with port 8082 (http)
2024-05-23 12:25:23 [main] INFO  org.springframework.boot.web.servlet.context.ServletWebServerApplicationContext - Root WebApplicationContext: initialization completed in 847 ms
2024-05-23 12:25:23 [main] INFO  org.springframework.boot.web.embedded.tomcat.TomcatWebServer - Tomcat started on port 8082 (http) with context path ''
2024-05-23 12:25:23 [main] INFO  org.abol.springstarter.SpringstarterApplication - Started SpringstarterApplication in 1.75 seconds (process running for 2.702)
2024-05-23 12:25:31 [http-nio-8082-exec-1] INFO  org.springframework.web.servlet.DispatcherServlet - Initializing Servlet 'dispatcherServlet'
2024-05-23 12:25:31 [http-nio-8082-exec-1] INFO  org.springframework.web.servlet.DispatcherServlet - Completed initialization in 1 ms
2024-05-23 12:25:31 [http-nio-8082-exec-1] INFO  org.abol.springstarter.controllers.UserController - Displaying registration form
2024-05-23 12:25:51 [http-nio-8082-exec-7] INFO  org.abol.springstarter.controllers.UserController - User saved: BaseUser(name=ray, email=ray@gmail.com, tel=3334444, password=Passwordwww3, refer=facebook, contact=email, terms=true)
2024-05-23 12:25:52 [http-nio-8082-exec-6] INFO  org.abol.springstarter.controllers.UserController - Displaying all users
2024-05-23 12:25:53 [http-nio-8082-exec-8] INFO  org.abol.springstarter.controllers.UserController - Displaying registration form
2024-05-23 12:26:11 [http-nio-8082-exec-9] INFO  org.abol.springstarter.controllers.UserController - User saved: BaseUser(name=sam, email=sam@gmail.com, tel=2223333, password=Passworddkk4, refer=facebook, contact=email, terms=true)
2024-05-23 12:26:14 [http-nio-8082-exec-10] INFO  org.abol.springstarter.controllers.UserController - Displaying all users
2024-05-23 12:31:35 [main] INFO  org.abol.springstarter.SpringstarterApplication - Starting SpringstarterApplication using Java 21.0.2 with PID 12808 (C:\Users\rahee\Desktop\springstarter\target\classes started by rahee in C:\Users\rahee\Desktop\springstarter)
2024-05-23 12:31:35 [main] INFO  org.abol.springstarter.SpringstarterApplication - No active profile set, falling back to 1 default profile: "default"
2024-05-23 12:31:36 [main] INFO  org.springframework.boot.web.embedded.tomcat.TomcatWebServer - Tomcat initialized with port 8082 (http)
2024-05-23 12:31:36 [main] INFO  org.springframework.boot.web.servlet.context.ServletWebServerApplicationContext - Root WebApplicationContext: initialization completed in 828 ms
2024-05-23 12:31:36 [main] INFO  org.springframework.boot.web.embedded.tomcat.TomcatWebServer - Tomcat started on port 8082 (http) with context path ''
2024-05-23 12:31:36 [main] INFO  org.abol.springstarter.SpringstarterApplication - Started SpringstarterApplication in 1.656 seconds (process running for 2.419)
2024-05-23 12:33:09 [http-nio-8082-exec-2] INFO  org.springframework.web.servlet.DispatcherServlet - Initializing Servlet 'dispatcherServlet'
2024-05-23 12:33:09 [http-nio-8082-exec-2] INFO  org.springframework.web.servlet.DispatcherServlet - Completed initialization in 1 ms
2024-05-23 12:33:09 [http-nio-8082-exec-2] INFO  org.abol.springstarter.controllers.UserController - Displaying registration form
2024-05-23 12:33:32 [http-nio-8082-exec-1] INFO  org.abol.springstarter.controllers.UserController - User saved: BaseUser(name=ray, email=ray@gmail.com, tel=2223333, password=Passlhjgflh33, refer=facebook, contact=email, terms=true)
2024-05-23 12:33:33 [http-nio-8082-exec-3] INFO  org.abol.springstarter.controllers.UserController - Displaying all users
2024-05-23 12:33:35 [http-nio-8082-exec-4] INFO  org.abol.springstarter.controllers.UserController - Displaying registration form
2024-05-23 12:33:57 [http-nio-8082-exec-7] INFO  org.abol.springstarter.controllers.UserController - User saved: BaseUser(name=sam, email=sam@gmail.com, tel=1112222, password=Passowrkjdkj3, refer=facebook, contact=email, terms=true)
2024-05-23 12:33:59 [http-nio-8082-exec-5] INFO  org.abol.springstarter.controllers.UserController - Displaying all users
2024-05-23 12:34:56 [main] INFO  org.abol.springstarter.SpringstarterApplication - Starting SpringstarterApplication using Java 21.0.2 with PID 9932 (C:\Users\rahee\Desktop\springstarter\target\classes started by rahee in C:\Users\rahee\Desktop\springstarter)
2024-05-23 12:34:56 [main] INFO  org.abol.springstarter.SpringstarterApplication - No active profile set, falling back to 1 default profile: "default"
2024-05-23 12:34:57 [main] INFO  org.springframework.boot.web.embedded.tomcat.TomcatWebServer - Tomcat initialized with port 8082 (http)
2024-05-23 12:34:57 [main] INFO  org.springframework.boot.web.servlet.context.ServletWebServerApplicationContext - Root WebApplicationContext: initialization completed in 704 ms
2024-05-23 12:34:57 [main] INFO  org.springframework.boot.web.embedded.tomcat.TomcatWebServer - Tomcat started on port 8082 (http) with context path ''
2024-05-23 12:34:57 [main] INFO  org.abol.springstarter.SpringstarterApplication - Started SpringstarterApplication in 1.385 seconds (process running for 2.03)
2024-05-23 12:35:06 [http-nio-8082-exec-1] INFO  org.springframework.web.servlet.DispatcherServlet - Initializing Servlet 'dispatcherServlet'
2024-05-23 12:35:06 [http-nio-8082-exec-1] INFO  org.springframework.web.servlet.DispatcherServlet - Completed initialization in 1 ms
2024-05-23 12:35:06 [http-nio-8082-exec-1] INFO  org.abol.springstarter.controllers.UserController - Displaying registration form
2024-05-23 12:35:20 [http-nio-8082-exec-2] INFO  org.abol.springstarter.controllers.UserController - User saved: BaseUser(name=r, email=r@gmail.com, tel=1112222, password=Passowrd123, refer=facebook, contact=email, terms=true)
2024-05-23 12:35:21 [http-nio-8082-exec-6] INFO  org.abol.springstarter.controllers.UserController - Displaying all users
2024-05-23 12:35:22 [http-nio-8082-exec-4] INFO  org.abol.springstarter.controllers.UserController - Displaying registration form
2024-05-23 12:35:41 [http-nio-8082-exec-5] INFO  org.abol.springstarter.controllers.UserController - User saved: BaseUser(name=t, email=t@gmail.com, tel=2223333, password=Passowekrfk3, refer=facebook, contact=phone, terms=true)
2024-05-23 12:35:42 [http-nio-8082-exec-3] INFO  org.abol.springstarter.controllers.UserController - Displaying all users
2024-05-23 12:35:50 [http-nio-8082-exec-8] INFO  org.abol.springstarter.controllers.UserController - Displaying details for user with ID 1
2024-05-23 12:35:55 [http-nio-8082-exec-9] INFO  org.abol.springstarter.controllers.UserController - Displaying all users
2024-05-23 12:35:59 [http-nio-8082-exec-1] INFO  org.abol.springstarter.controllers.UserController - Displaying details for user with ID 0
2024-05-23 12:36:00 [http-nio-8082-exec-2] INFO  org.abol.springstarter.controllers.UserController - Displaying all users
2024-05-23 12:36:02 [http-nio-8082-exec-4] INFO  org.abol.springstarter.controllers.UserController - Displaying details for user with ID 1
2024-05-23 12:36:03 [http-nio-8082-exec-5] INFO  org.abol.springstarter.controllers.UserController - Displaying all users
2024-05-23 12:48:42 [main] INFO  org.abol.springstarter.SpringstarterApplication - Starting SpringstarterApplication using Java 21.0.2 with PID 14592 (C:\Users\rahee\Desktop\springstarter\target\classes started by rahee in C:\Users\rahee\Desktop\springstarter)
2024-05-23 12:48:42 [main] INFO  org.abol.springstarter.SpringstarterApplication - No active profile set, falling back to 1 default profile: "default"
2024-05-23 12:48:43 [main] INFO  org.springframework.boot.web.embedded.tomcat.TomcatWebServer - Tomcat initialized with port 8082 (http)
2024-05-23 12:48:43 [main] INFO  org.springframework.boot.web.servlet.context.ServletWebServerApplicationContext - Root WebApplicationContext: initialization completed in 725 ms
2024-05-23 12:48:43 [main] INFO  org.springframework.boot.web.embedded.tomcat.TomcatWebServer - Tomcat started on port 8082 (http) with context path ''
2024-05-23 12:48:43 [main] INFO  org.abol.springstarter.SpringstarterApplication - Started SpringstarterApplication in 1.474 seconds (process running for 2.118)
2024-05-23 12:48:49 [http-nio-8082-exec-2] INFO  org.springframework.web.servlet.DispatcherServlet - Initializing Servlet 'dispatcherServlet'
2024-05-23 12:48:49 [http-nio-8082-exec-2] INFO  org.springframework.web.servlet.DispatcherServlet - Completed initialization in 1 ms
2024-05-23 12:48:49 [http-nio-8082-exec-2] INFO  org.abol.springstarter.controllers.UserController - Displaying all users
2024-05-23 12:48:55 [http-nio-8082-exec-1] INFO  org.abol.springstarter.controllers.UserController - Displaying registration form
2024-05-23 12:49:08 [http-nio-8082-exec-3] INFO  org.abol.springstarter.controllers.UserController - User saved: BaseUser(name=t, email=t@gmail.com, tel=2223333, password=Password2334, refer=facebook, contact=email, terms=true)
2024-05-23 12:49:09 [http-nio-8082-exec-4] INFO  org.abol.springstarter.controllers.UserController - Displaying all users
2024-05-23 12:49:10 [http-nio-8082-exec-5] INFO  org.abol.springstarter.controllers.UserController - Displaying registration form
2024-05-23 12:49:24 [http-nio-8082-exec-6] INFO  org.abol.springstarter.controllers.UserController - User saved: BaseUser(name=r, email=r@gmail.com, tel=7778888, password=Palsdjfj44, refer=facebook, contact=email, terms=true)
2024-05-23 12:49:25 [http-nio-8082-exec-7] INFO  org.abol.springstarter.controllers.UserController - Displaying all users
2024-05-23 12:49:28 [http-nio-8082-exec-8] WARN  org.springframework.web.servlet.mvc.support.DefaultHandlerExceptionResolver - Resolved [org.springframework.web.method.annotation.MethodArgumentTypeMismatchException: Failed to convert value of type 'java.lang.String' to required type 'int'; For input string: "null"]
2024-05-23 12:56:18 [main] INFO  org.abol.springstarter.SpringstarterApplication - Starting SpringstarterApplication using Java 21.0.2 with PID 18792 (C:\Users\rahee\Desktop\springstarter\target\classes started by rahee in C:\Users\rahee\Desktop\springstarter)
2024-05-23 12:56:18 [main] INFO  org.abol.springstarter.SpringstarterApplication - No active profile set, falling back to 1 default profile: "default"
2024-05-23 12:56:18 [main] INFO  org.springframework.boot.web.embedded.tomcat.TomcatWebServer - Tomcat initialized with port 8082 (http)
2024-05-23 12:56:18 [main] INFO  org.springframework.boot.web.servlet.context.ServletWebServerApplicationContext - Root WebApplicationContext: initialization completed in 709 ms
2024-05-23 12:56:19 [main] INFO  org.springframework.boot.web.embedded.tomcat.TomcatWebServer - Tomcat started on port 8082 (http) with context path ''
2024-05-23 12:56:19 [main] INFO  org.abol.springstarter.SpringstarterApplication - Started SpringstarterApplication in 1.439 seconds (process running for 2.248)
2024-05-23 12:56:33 [http-nio-8082-exec-1] INFO  org.springframework.web.servlet.DispatcherServlet - Initializing Servlet 'dispatcherServlet'
2024-05-23 12:56:33 [http-nio-8082-exec-1] INFO  org.springframework.web.servlet.DispatcherServlet - Completed initialization in 1 ms
2024-05-23 12:56:33 [http-nio-8082-exec-1] INFO  org.abol.springstarter.controllers.UserController - Displaying registration form
2024-05-23 12:56:46 [http-nio-8082-exec-2] INFO  org.abol.springstarter.controllers.UserController - User saved: BaseUser(name=r, email=r@gmail.com, tel=1112222, password=Paldsjflkjasd32, refer=facebook, contact=email, terms=true)
2024-05-23 12:56:48 [http-nio-8082-exec-3] INFO  org.abol.springstarter.controllers.UserController - Displaying all users
2024-05-23 12:56:48 [http-nio-8082-exec-10] INFO  org.abol.springstarter.controllers.UserController - Displaying registration form
2024-05-23 12:57:05 [http-nio-8082-exec-4] INFO  org.abol.springstarter.controllers.UserController - User saved: BaseUser(name=t, email=t@gmail.com, tel=4445555, password=Paldhflashg34, refer=facebook, contact=phone, terms=true)
2024-05-23 12:57:07 [http-nio-8082-exec-6] INFO  org.abol.springstarter.controllers.UserController - Displaying all users
2024-05-23 12:57:10 [http-nio-8082-exec-7] INFO  org.abol.springstarter.controllers.UserController - Displaying details for user with ID 1
2024-05-23 12:57:12 [http-nio-8082-exec-8] INFO  org.abol.springstarter.controllers.UserController - Displaying all users
2024-05-23 12:57:15 [http-nio-8082-exec-9] INFO  org.abol.springstarter.controllers.UserController - Displaying details for user with ID 0
2024-05-23 12:57:16 [http-nio-8082-exec-5] INFO  org.abol.springstarter.controllers.UserController - Displaying all users
2024-05-23 12:57:17 [http-nio-8082-exec-1] INFO  org.abol.springstarter.controllers.UserController - Displaying registration form
2024-05-23 12:57:33 [http-nio-8082-exec-2] INFO  org.abol.springstarter.controllers.UserController - User saved: BaseUser(name=y, email=y@gmail.com, tel=1112222, password=Palskdjflkasd33, refer=facebook, contact=email, terms=true)
2024-05-23 12:57:33 [http-nio-8082-exec-10] INFO  org.abol.springstarter.controllers.UserController - Displaying all users
2024-05-23 12:57:40 [http-nio-8082-exec-4] INFO  org.abol.springstarter.controllers.UserController - Displaying details for user with email r@gmail.com
2024-05-23 12:57:42 [http-nio-8082-exec-6] INFO  org.abol.springstarter.controllers.UserController - Displaying all users
2024-05-23 12:57:51 [http-nio-8082-exec-7] INFO  org.abol.springstarter.controllers.UserController - Displaying details for user with ID 2
2024-05-23 12:57:52 [http-nio-8082-exec-8] INFO  org.abol.springstarter.controllers.UserController - Displaying all users
2024-05-23 12:58:14 [http-nio-8082-exec-9] INFO  org.abol.springstarter.controllers.UserController - Displaying details for user with email y@gmail.com
2024-05-23 12:58:20 [http-nio-8082-exec-5] INFO  org.abol.springstarter.controllers.UserController - Displaying all users
2024-05-23 12:58:22 [http-nio-8082-exec-1] INFO  org.abol.springstarter.controllers.UserController - Displaying details for user with ID 1
2024-05-23 12:58:25 [http-nio-8082-exec-2] INFO  org.abol.springstarter.controllers.UserController - Displaying all users
2024-05-23 13:01:40 [http-nio-8082-exec-4] INFO  org.abol.springstarter.controllers.UserController - Displaying details for user with ID 1
2024-05-23 13:05:46 [main] INFO  org.abol.springstarter.SpringstarterApplication - Starting SpringstarterApplication using Java 21.0.2 with PID 12332 (C:\Users\rahee\Desktop\springstarter\target\classes started by rahee in C:\Users\rahee\Desktop\springstarter)
2024-05-23 13:05:46 [main] INFO  org.abol.springstarter.SpringstarterApplication - No active profile set, falling back to 1 default profile: "default"
2024-05-23 13:05:47 [main] INFO  org.springframework.boot.web.embedded.tomcat.TomcatWebServer - Tomcat initialized with port 8082 (http)
2024-05-23 13:05:47 [main] INFO  org.springframework.boot.web.servlet.context.ServletWebServerApplicationContext - Root WebApplicationContext: initialization completed in 662 ms
2024-05-23 13:05:47 [main] INFO  org.springframework.boot.web.embedded.tomcat.TomcatWebServer - Tomcat started on port 8082 (http) with context path ''
2024-05-23 13:05:47 [main] INFO  org.abol.springstarter.SpringstarterApplication - Started SpringstarterApplication in 1.353 seconds (process running for 2.085)
2024-05-23 13:05:54 [http-nio-8082-exec-1] INFO  org.springframework.web.servlet.DispatcherServlet - Initializing Servlet 'dispatcherServlet'
2024-05-23 13:05:54 [http-nio-8082-exec-1] INFO  org.springframework.web.servlet.DispatcherServlet - Completed initialization in 0 ms
2024-05-23 13:05:54 [http-nio-8082-exec-1] INFO  org.abol.springstarter.controllers.UserController - Displaying registration form
2024-05-23 13:06:08 [http-nio-8082-exec-8] INFO  org.abol.springstarter.controllers.UserController - User saved: BaseUser(name=r, email=r@gmail.com, tel=2223333, password=Palsdjflk22, refer=facebook, contact=email, terms=true)
2024-05-23 13:06:09 [http-nio-8082-exec-2] INFO  org.abol.springstarter.controllers.UserController - Displaying all users
2024-05-23 13:06:11 [http-nio-8082-exec-3] INFO  org.abol.springstarter.controllers.UserController - Displaying registration form
2024-05-23 13:06:30 [http-nio-8082-exec-6] INFO  org.abol.springstarter.controllers.UserController - User saved: BaseUser(name=s, email=s@gmail.com, tel=8889999, password=Palskdjflkjasd2, refer=facebook, contact=email, terms=true)
2024-05-23 13:06:31 [http-nio-8082-exec-5] INFO  org.abol.springstarter.controllers.UserController - Displaying all users
2024-05-23 13:06:34 [http-nio-8082-exec-4] INFO  org.abol.springstarter.controllers.UserController - Displaying details for user with ID 1
2024-05-23 13:07:33 [http-nio-8082-exec-9] INFO  org.abol.springstarter.controllers.UserController - Displaying all users
2024-05-23 13:12:24 [main] INFO  org.abol.springstarter.SpringstarterApplication - Starting SpringstarterApplication using Java 21.0.2 with PID 20396 (C:\Users\rahee\Desktop\springstarter\target\classes started by rahee in C:\Users\rahee\Desktop\springstarter)
2024-05-23 13:12:24 [main] INFO  org.abol.springstarter.SpringstarterApplication - No active profile set, falling back to 1 default profile: "default"
2024-05-23 13:12:25 [main] INFO  org.springframework.boot.web.embedded.tomcat.TomcatWebServer - Tomcat initialized with port 8082 (http)
2024-05-23 13:12:25 [main] INFO  org.springframework.boot.web.servlet.context.ServletWebServerApplicationContext - Root WebApplicationContext: initialization completed in 673 ms
2024-05-23 13:12:26 [main] INFO  org.springframework.boot.web.embedded.tomcat.TomcatWebServer - Tomcat started on port 8082 (http) with context path ''
2024-05-23 13:12:26 [main] INFO  org.abol.springstarter.SpringstarterApplication - Started SpringstarterApplication in 1.394 seconds (process running for 2.076)
2024-05-23 13:13:03 [http-nio-8082-exec-7] INFO  org.springframework.web.servlet.DispatcherServlet - Initializing Servlet 'dispatcherServlet'
2024-05-23 13:13:03 [http-nio-8082-exec-7] INFO  org.springframework.web.servlet.DispatcherServlet - Completed initialization in 1 ms
2024-05-23 13:13:03 [http-nio-8082-exec-7] INFO  org.abol.springstarter.controllers.RestUserController - User created: BaseUser(name=John Doe, email=john.doe@example.com, tel=1234567890, password=Password123, refer=google, contact=email, terms=true)
2024-05-23 13:13:37 [http-nio-8082-exec-9] INFO  org.abol.springstarter.controllers.RestUserController - Displaying details for user with ID 0
2024-05-23 13:14:17 [http-nio-8082-exec-4] INFO  org.abol.springstarter.controllers.RestUserController - User created: BaseUser(name=jane Doe, email=jane.doe@example.com, tel=1234567890, password=Password123, refer=google, contact=email, terms=true)
2024-05-23 13:14:36 [http-nio-8082-exec-5] WARN  org.springframework.web.servlet.mvc.support.DefaultHandlerExceptionResolver - Resolved [org.springframework.web.HttpRequestMethodNotSupportedException: Request method 'POST' is not supported]
2024-05-23 13:14:41 [http-nio-8082-exec-6] INFO  org.abol.springstarter.controllers.RestUserController - Displaying details for user with ID 0
2024-05-23 13:14:45 [http-nio-8082-exec-2] INFO  org.abol.springstarter.controllers.RestUserController - Displaying details for user with ID 1
2024-05-23 13:14:58 [http-nio-8082-exec-8] WARN  org.springframework.web.servlet.mvc.support.DefaultHandlerExceptionResolver - Resolved [org.springframework.web.HttpRequestMethodNotSupportedException: Request method 'GET' is not supported]
2024-05-23 13:15:04 [http-nio-8082-exec-3] INFO  org.abol.springstarter.controllers.RestUserController - Deleting user at index 1
2024-05-23 13:15:18 [http-nio-8082-exec-10] INFO  org.abol.springstarter.controllers.RestUserController - Deleting user at index 0
2024-05-23 13:23:24 [main] INFO  org.abol.springstarter.SpringstarterApplication - Starting SpringstarterApplication using Java 21.0.2 with PID 5816 (C:\Users\rahee\Desktop\springstarter\target\classes started by rahee in C:\Users\rahee\Desktop\springstarter)
2024-05-23 13:23:24 [main] INFO  org.abol.springstarter.SpringstarterApplication - No active profile set, falling back to 1 default profile: "default"
2024-05-23 13:23:25 [main] INFO  org.springframework.boot.web.embedded.tomcat.TomcatWebServer - Tomcat initialized with port 8082 (http)
2024-05-23 13:23:25 [main] INFO  org.springframework.boot.web.servlet.context.ServletWebServerApplicationContext - Root WebApplicationContext: initialization completed in 665 ms
2024-05-23 13:23:26 [main] INFO  org.springframework.boot.web.embedded.tomcat.TomcatWebServer - Tomcat started on port 8082 (http) with context path ''
2024-05-23 13:23:26 [main] INFO  org.abol.springstarter.SpringstarterApplication - Started SpringstarterApplication in 1.405 seconds (process running for 2.032)
2024-05-23 13:23:48 [http-nio-8082-exec-1] INFO  org.springframework.web.servlet.DispatcherServlet - Initializing Servlet 'dispatcherServlet'
2024-05-23 13:23:48 [http-nio-8082-exec-1] INFO  org.springframework.web.servlet.DispatcherServlet - Completed initialization in 1 ms
2024-05-23 13:23:48 [http-nio-8082-exec-1] INFO  org.abol.springstarter.controllers.SessionController - Displaying registration form
2024-05-23 13:24:04 [http-nio-8082-exec-2] INFO  org.abol.springstarter.controllers.SessionController - User saved: BaseUser(name=r, email=r@gmail.com, tel=2223333, password=Palsdjflk22, refer=facebook, contact=email, terms=true)
2024-05-23 13:24:04 [http-nio-8082-exec-3] INFO  org.abol.springstarter.controllers.SessionController - Displaying details for user: BaseUser(name=r, email=r@gmail.com, tel=2223333, password=Palsdjflk22, refer=facebook, contact=email, terms=true)
2024-05-23 13:24:23 [http-nio-8082-exec-5] INFO  org.abol.springstarter.controllers.SessionController - Session cleared
2024-05-23 13:24:23 [http-nio-8082-exec-7] INFO  org.abol.springstarter.controllers.SessionController - Displaying registration form
2024-05-23 13:27:27 [main] INFO  org.abol.springstarter.SpringstarterApplication - Starting SpringstarterApplication using Java 21.0.2 with PID 296 (C:\Users\rahee\Desktop\springstarter\target\classes started by rahee in C:\Users\rahee\Desktop\springstarter)
2024-05-23 13:27:27 [main] INFO  org.abol.springstarter.SpringstarterApplication - No active profile set, falling back to 1 default profile: "default"
2024-05-23 13:27:28 [main] INFO  org.springframework.boot.web.embedded.tomcat.TomcatWebServer - Tomcat initialized with port 8082 (http)
2024-05-23 13:27:28 [main] INFO  org.springframework.boot.web.servlet.context.ServletWebServerApplicationContext - Root WebApplicationContext: initialization completed in 696 ms
2024-05-23 13:27:29 [main] INFO  org.springframework.boot.web.embedded.tomcat.TomcatWebServer - Tomcat started on port 8082 (http) with context path ''
2024-05-23 13:27:29 [main] INFO  org.abol.springstarter.SpringstarterApplication - Started SpringstarterApplication in 1.48 seconds (process running for 2.139)
2024-05-23 13:27:30 [http-nio-8082-exec-2] INFO  org.springframework.web.servlet.DispatcherServlet - Initializing Servlet 'dispatcherServlet'
2024-05-23 13:27:30 [http-nio-8082-exec-2] INFO  org.springframework.web.servlet.DispatcherServlet - Completed initialization in 1 ms
2024-05-23 13:27:30 [http-nio-8082-exec-2] INFO  org.abol.springstarter.controllers.SessionController - Displaying registration form
2024-05-23 13:28:46 [http-nio-8082-exec-10] INFO  org.abol.springstarter.controllers.SessionController - User saved: BaseUser(name=r, email=r@gmail.com, tel=2223333, password=Palsdjkhflkasdjh34, refer=facebook, contact=email, terms=true)
2024-05-23 13:28:46 [http-nio-8082-exec-5] INFO  org.abol.springstarter.controllers.SessionController - Displaying details for user: BaseUser(name=r, email=r@gmail.com, tel=2223333, password=Palsdjkhflkasdjh34, refer=facebook, contact=email, terms=true)
2024-05-23 13:28:51 [http-nio-8082-exec-6] INFO  org.abol.springstarter.controllers.SessionController - Session cleared
2024-05-23 13:28:51 [http-nio-8082-exec-8] INFO  org.abol.springstarter.controllers.SessionController - Displaying registration form
2024-05-23 13:29:04 [main] INFO  org.abol.springstarter.SpringstarterApplication - Starting SpringstarterApplication using Java 21.0.2 with PID 11220 (C:\Users\rahee\Desktop\springstarter\target\classes started by rahee in C:\Users\rahee\Desktop\springstarter)
2024-05-23 13:29:04 [main] INFO  org.abol.springstarter.SpringstarterApplication - No active profile set, falling back to 1 default profile: "default"
2024-05-23 13:29:05 [main] INFO  org.springframework.boot.web.embedded.tomcat.TomcatWebServer - Tomcat initialized with port 8082 (http)
2024-05-23 13:29:05 [main] INFO  org.springframework.boot.web.servlet.context.ServletWebServerApplicationContext - Root WebApplicationContext: initialization completed in 712 ms
2024-05-23 13:29:05 [main] INFO  org.springframework.boot.web.embedded.tomcat.TomcatWebServer - Tomcat started on port 8082 (http) with context path ''
2024-05-23 13:29:05 [main] INFO  org.abol.springstarter.SpringstarterApplication - Started SpringstarterApplication in 1.477 seconds (process running for 2.203)
2024-05-23 13:29:23 [http-nio-8082-exec-1] INFO  org.springframework.web.servlet.DispatcherServlet - Initializing Servlet 'dispatcherServlet'
2024-05-23 13:29:23 [http-nio-8082-exec-1] INFO  org.springframework.web.servlet.DispatcherServlet - Completed initialization in 0 ms
2024-05-23 13:29:23 [http-nio-8082-exec-1] WARN  org.springframework.web.servlet.mvc.support.DefaultHandlerExceptionResolver - Resolved [org.springframework.web.method.annotation.MethodArgumentTypeMismatchException: Failed to convert value of type 'java.lang.String' to required type 'int'; For input string: "create"]
2024-05-23 13:29:42 [http-nio-8082-exec-2] INFO  org.abol.springstarter.controllers.RestUserController - User created: BaseUser(name=jane Doe, email=jane.doe@example.com, tel=1234567890, password=Password123, refer=google, contact=email, terms=true)
2024-05-23 13:50:16 [main] INFO  org.abol.springstarter.SpringstarterApplication - Starting SpringstarterApplication using Java 21.0.2 with PID 20468 (C:\Users\rahee\Desktop\springstarter\target\classes started by rahee in C:\Users\rahee\Desktop\springstarter)
2024-05-23 13:50:16 [main] INFO  org.abol.springstarter.SpringstarterApplication - No active profile set, falling back to 1 default profile: "default"
2024-05-23 13:50:17 [main] INFO  org.springframework.boot.web.embedded.tomcat.TomcatWebServer - Tomcat initialized with port 8082 (http)
2024-05-23 13:50:17 [main] INFO  org.springframework.boot.web.servlet.context.ServletWebServerApplicationContext - Root WebApplicationContext: initialization completed in 852 ms
2024-05-23 13:50:17 [main] INFO  org.springframework.boot.web.embedded.tomcat.TomcatWebServer - Tomcat started on port 8082 (http) with context path ''
2024-05-23 13:50:17 [main] INFO  org.abol.springstarter.SpringstarterApplication - Started SpringstarterApplication in 1.79 seconds (process running for 2.654)
2024-05-23 13:50:21 [http-nio-8082-exec-1] INFO  org.springframework.web.servlet.DispatcherServlet - Initializing Servlet 'dispatcherServlet'
2024-05-23 13:50:21 [http-nio-8082-exec-1] INFO  org.springframework.web.servlet.DispatcherServlet - Completed initialization in 2 ms
2024-05-23 13:50:21 [http-nio-8082-exec-1] INFO  org.abol.springstarter.controllers.RestUserController - User created: BaseUser(name=jane Doe, email=jane.doe@example.com, tel=1234567890, password=Password123, refer=google, contact=email, terms=true)
2024-05-23 13:50:45 [http-nio-8082-exec-3] INFO  org.abol.springstarter.controllers.RestUserController - User created: BaseUser(name=John Doe, email=john.doe@example.com, tel=1234567890, password=Password123, refer=google, contact=email, terms=true)
2024-05-23 13:51:46 [http-nio-8082-exec-7] INFO  org.abol.springstarter.controllers.RestUserController - Displaying details for user with ID 1
2024-05-23 13:51:56 [http-nio-8082-exec-6] INFO  org.abol.springstarter.controllers.RestUserController - Displaying details for user with ID 0
2024-05-23 13:52:37 [http-nio-8082-exec-8] INFO  org.abol.springstarter.controllers.RestUserController - User updated: BaseUser(name=james Doe, email=john.doe@example.com, tel=1234567890, password=Password123, refer=google, contact=email, terms=true)
2024-05-23 13:53:18 [http-nio-8082-exec-9] INFO  org.abol.springstarter.controllers.RestUserController - Deleting user at index 0
2024-05-23 13:53:32 [http-nio-8082-exec-10] INFO  org.abol.springstarter.controllers.RestUserController - Displaying details for user with ID 0
2024-05-23 14:10:14 [http-nio-8082-exec-1] INFO  org.abol.springstarter.controllers.UserController - Displaying registration form
2024-05-23 14:10:34 [http-nio-8082-exec-3] INFO  org.abol.springstarter.controllers.UserController - User saved: BaseUser(name=r, email=r@gmail.com, tel=2223333, password=Palsjfkdlkj2, refer=facebook, contact=email, terms=true)
2024-05-23 14:11:58 [http-nio-8082-exec-7] INFO  org.abol.springstarter.controllers.UserController - Displaying all users
2024-05-23 14:12:00 [http-nio-8082-exec-6] INFO  org.abol.springstarter.controllers.UserController - Displaying registration form
2024-05-23 14:12:14 [http-nio-8082-exec-8] INFO  org.abol.springstarter.controllers.UserController - User saved: BaseUser(name=tim, email=Tim@gmail.com, tel=2223333, password=Palsdjflkasd2, refer=facebook, contact=phone, terms=true)
2024-05-23 14:12:16 [http-nio-8082-exec-9] INFO  org.abol.springstarter.controllers.UserController - Displaying all users
2024-05-23 14:17:08 [http-nio-8082-exec-1] INFO  org.abol.springstarter.controllers.UserController - Displaying all users
2024-05-23 14:17:59 [http-nio-8082-exec-5] INFO  org.abol.springstarter.controllers.UserController - Displaying all users
2024-05-23 14:18:03 [http-nio-8082-exec-4] INFO  org.abol.springstarter.controllers.UserController - Displaying details for user with ID 1
2024-05-23 14:18:39 [http-nio-8082-exec-6] INFO  org.abol.springstarter.controllers.UserController - Displaying all users
2024-05-23 14:18:58 [http-nio-8082-exec-8] INFO  org.abol.springstarter.controllers.UserController - Displaying details for user with email r@gmail.com
2024-05-23 14:20:42 [http-nio-8082-exec-2] INFO  org.abol.springstarter.controllers.UserController - Displaying all users
2024-05-23 14:20:48 [http-nio-8082-exec-1] INFO  org.abol.springstarter.controllers.UserController - Displaying details for user with ID 1
